[2025-10-14 13:18:05] local.WARNING: Authentication route not found {"url":"https://localhost/my-logos/public/logos/uy5CedurksGNSIxWqD08MFqZEFu16XGXiJPLLKJU.png","method":"GET","ip":"::1","user_agent":"Mozilla/5.0 (Windows NT 10.0; Win64; x64) AppleWebKit/537.36 (KHTML, like Gecko) Chrome/141.0.0.0 Safari/537.36","timestamp":"2025-10-14 13:18:05"} 
[2025-10-14 13:18:18] local.WARNING: Authentication route not found {"url":"https://localhost/my-logos/public/admin/logos/uy5CedurksGNSIxWqD08MFqZEFu16XGXiJPLLKJU.png","method":"GET","ip":"::1","user_agent":"Mozilla/5.0 (Windows NT 10.0; Win64; x64) AppleWebKit/537.36 (KHTML, like Gecko) Chrome/141.0.0.0 Safari/537.36","timestamp":"2025-10-14 13:18:18"} 
[2025-10-14 13:18:20] local.WARNING: Authentication route not found {"url":"https://localhost/my-logos/public/admin/logos/uy5CedurksGNSIxWqD08MFqZEFu16XGXiJPLLKJU.png","method":"GET","ip":"::1","user_agent":"Mozilla/5.0 (Windows NT 10.0; Win64; x64) AppleWebKit/537.36 (KHTML, like Gecko) Chrome/141.0.0.0 Safari/537.36","timestamp":"2025-10-14 13:18:20"} 
[2025-10-14 13:22:37] local.ERROR: syntax error, unexpected token "public", expecting ";" or "{" {"exception":"[object] (ParseError(code: 0): syntax error, unexpected token \"public\", expecting \";\" or \"{\" at D:\\xampp1\\htdocs\\my-logos\\app\\Http\\Controllers\\KbPublicController.php:32)
[stacktrace]
#0 D:\\xampp1\\htdocs\\my-logos\\vendor\\composer\\ClassLoader.php(427): Composer\\Autoload\\{closure}('D:\\\\xampp1\\\\htdoc...')
#1 [internal function]: Composer\\Autoload\\ClassLoader->loadClass('App\\\\Http\\\\Contro...')
#2 D:\\xampp1\\htdocs\\my-logos\\vendor\\laravel\\framework\\src\\Illuminate\\Routing\\Route.php(1123): is_a('App\\\\Http\\\\Contro...', 'Illuminate\\\\Rout...', true)
#3 D:\\xampp1\\htdocs\\my-logos\\vendor\\laravel\\framework\\src\\Illuminate\\Routing\\Route.php(1060): Illuminate\\Routing\\Route->controllerMiddleware()
#4 D:\\xampp1\\htdocs\\my-logos\\vendor\\laravel\\framework\\src\\Illuminate\\Routing\\Router.php(834): Illuminate\\Routing\\Route->gatherMiddleware()
#5 D:\\xampp1\\htdocs\\my-logos\\vendor\\laravel\\framework\\src\\Illuminate\\Foundation\\Console\\RouteListCommand.php(211): Illuminate\\Routing\\Router->gatherRouteMiddleware(Object(Illuminate\\Routing\\Route))
#6 D:\\xampp1\\htdocs\\my-logos\\vendor\\laravel\\framework\\src\\Illuminate\\Foundation\\Console\\RouteListCommand.php(148): Illuminate\\Foundation\\Console\\RouteListCommand->getMiddleware(Object(Illuminate\\Routing\\Route))
#7 D:\\xampp1\\htdocs\\my-logos\\vendor\\laravel\\framework\\src\\Illuminate\\Foundation\\Console\\RouteListCommand.php(117): Illuminate\\Foundation\\Console\\RouteListCommand->getRouteInformation(Object(Illuminate\\Routing\\Route))
#8 [internal function]: Illuminate\\Foundation\\Console\\RouteListCommand->Illuminate\\Foundation\\Console\\{closure}(Object(Illuminate\\Routing\\Route), 60)
#9 D:\\xampp1\\htdocs\\my-logos\\vendor\\laravel\\framework\\src\\Illuminate\\Collections\\Arr.php(778): array_map(Object(Closure), Array, Array)
#10 D:\\xampp1\\htdocs\\my-logos\\vendor\\laravel\\framework\\src\\Illuminate\\Collections\\Collection.php(814): Illuminate\\Support\\Arr::map(Array, Object(Closure))
#11 D:\\xampp1\\htdocs\\my-logos\\vendor\\laravel\\framework\\src\\Illuminate\\Foundation\\Console\\RouteListCommand.php(117): Illuminate\\Support\\Collection->map(Object(Closure))
#12 D:\\xampp1\\htdocs\\my-logos\\vendor\\laravel\\framework\\src\\Illuminate\\Foundation\\Console\\RouteListCommand.php(102): Illuminate\\Foundation\\Console\\RouteListCommand->getRoutes()
#13 D:\\xampp1\\htdocs\\my-logos\\vendor\\laravel\\framework\\src\\Illuminate\\Container\\BoundMethod.php(36): Illuminate\\Foundation\\Console\\RouteListCommand->handle()
#14 D:\\xampp1\\htdocs\\my-logos\\vendor\\laravel\\framework\\src\\Illuminate\\Container\\Util.php(43): Illuminate\\Container\\BoundMethod::Illuminate\\Container\\{closure}()
#15 D:\\xampp1\\htdocs\\my-logos\\vendor\\laravel\\framework\\src\\Illuminate\\Container\\BoundMethod.php(96): Illuminate\\Container\\Util::unwrapIfClosure(Object(Closure))
#16 D:\\xampp1\\htdocs\\my-logos\\vendor\\laravel\\framework\\src\\Illuminate\\Container\\BoundMethod.php(35): Illuminate\\Container\\BoundMethod::callBoundMethod(Object(Illuminate\\Foundation\\Application), Array, Object(Closure))
#17 D:\\xampp1\\htdocs\\my-logos\\vendor\\laravel\\framework\\src\\Illuminate\\Container\\Container.php(836): Illuminate\\Container\\BoundMethod::call(Object(Illuminate\\Foundation\\Application), Array, Array, NULL)
#18 D:\\xampp1\\htdocs\\my-logos\\vendor\\laravel\\framework\\src\\Illuminate\\Console\\Command.php(211): Illuminate\\Container\\Container->call(Array)
#19 D:\\xampp1\\htdocs\\my-logos\\vendor\\symfony\\console\\Command\\Command.php(318): Illuminate\\Console\\Command->execute(Object(Symfony\\Component\\Console\\Input\\ArgvInput), Object(Illuminate\\Console\\OutputStyle))
#20 D:\\xampp1\\htdocs\\my-logos\\vendor\\laravel\\framework\\src\\Illuminate\\Console\\Command.php(180): Symfony\\Component\\Console\\Command\\Command->run(Object(Symfony\\Component\\Console\\Input\\ArgvInput), Object(Illuminate\\Console\\OutputStyle))
#21 D:\\xampp1\\htdocs\\my-logos\\vendor\\symfony\\console\\Application.php(1110): Illuminate\\Console\\Command->run(Object(Symfony\\Component\\Console\\Input\\ArgvInput), Object(Symfony\\Component\\Console\\Output\\ConsoleOutput))
#22 D:\\xampp1\\htdocs\\my-logos\\vendor\\symfony\\console\\Application.php(359): Symfony\\Component\\Console\\Application->doRunCommand(Object(Illuminate\\Foundation\\Console\\RouteListCommand), Object(Symfony\\Component\\Console\\Input\\ArgvInput), Object(Symfony\\Component\\Console\\Output\\ConsoleOutput))
#23 D:\\xampp1\\htdocs\\my-logos\\vendor\\symfony\\console\\Application.php(194): Symfony\\Component\\Console\\Application->doRun(Object(Symfony\\Component\\Console\\Input\\ArgvInput), Object(Symfony\\Component\\Console\\Output\\ConsoleOutput))
#24 D:\\xampp1\\htdocs\\my-logos\\vendor\\laravel\\framework\\src\\Illuminate\\Foundation\\Console\\Kernel.php(197): Symfony\\Component\\Console\\Application->run(Object(Symfony\\Component\\Console\\Input\\ArgvInput), Object(Symfony\\Component\\Console\\Output\\ConsoleOutput))
#25 D:\\xampp1\\htdocs\\my-logos\\vendor\\laravel\\framework\\src\\Illuminate\\Foundation\\Application.php(1235): Illuminate\\Foundation\\Console\\Kernel->handle(Object(Symfony\\Component\\Console\\Input\\ArgvInput), Object(Symfony\\Component\\Console\\Output\\ConsoleOutput))
#26 D:\\xampp1\\htdocs\\my-logos\\artisan(16): Illuminate\\Foundation\\Application->handleCommand(Object(Symfony\\Component\\Console\\Input\\ArgvInput))
#27 {main}
"} 
[2025-10-14 13:25:15] local.WARNING: Authentication route not found {"url":"https://localhost/my-logos/public/admin/logos/uy5CedurksGNSIxWqD08MFqZEFu16XGXiJPLLKJU.png","method":"GET","ip":"::1","user_agent":"Mozilla/5.0 (Windows NT 10.0; Win64; x64) AppleWebKit/537.36 (KHTML, like Gecko) Chrome/141.0.0.0 Safari/537.36","timestamp":"2025-10-14 13:25:15"} 
[2025-10-14 13:25:19] local.WARNING: Authentication route not found {"url":"https://localhost/my-logos/public/admin/logos/uy5CedurksGNSIxWqD08MFqZEFu16XGXiJPLLKJU.png","method":"GET","ip":"::1","user_agent":"Mozilla/5.0 (Windows NT 10.0; Win64; x64) AppleWebKit/537.36 (KHTML, like Gecko) Chrome/141.0.0.0 Safari/537.36","timestamp":"2025-10-14 13:25:19"} 
[2025-10-14 13:28:14] local.WARNING: Authentication route not found {"url":"https://localhost/my-logos/public/admin/logos/uy5CedurksGNSIxWqD08MFqZEFu16XGXiJPLLKJU.png","method":"GET","ip":"::1","user_agent":"Mozilla/5.0 (Windows NT 10.0; Win64; x64) AppleWebKit/537.36 (KHTML, like Gecko) Chrome/141.0.0.0 Safari/537.36","timestamp":"2025-10-14 13:28:14"} 
